<?xml version="1.0" encoding="UTF-8"?>
<!-- Generated by org.testng.reporters.JUnitXMLReporter -->
<testsuite hostname="LVP1210002" name="Surefire test" tests="8" failures="4" timestamp="6 Oct 2014 15:23:14 GMT" time="9.033" errors="0">
  <testcase name="addProducts" time="5.865" classname="com.lohika.atf.tests.TestF"/>
  <testcase name="calcPrice" time="0.138" classname="com.lohika.atf.tests.TestF"/>
  <testcase name="deleteProducts" time="0.183" classname="com.lohika.atf.tests.TestF"/>
  <testcase name="editCancelProduct" time="0.031" classname="com.lohika.atf.tests.TestF">
    <failure type="org.openqa.selenium.NoSuchElementException" message="Unable to locate element: {&amp;quot;method&amp;quot;:&amp;quot;xpath&amp;quot;,&amp;quot;selector&amp;quot;:&amp;quot;//div[contains(@class,&amp;apos;table-row&amp;apos;)][contains(.,&amp;apos;eProduc1&amp;apos;)]/div[contains(@class,&amp;apos;tr-cell actions&amp;apos;)]/img[1]&amp;quot;}
Command duration or timeout: 23 milliseconds
For documentation on this error, please visit: http://seleniumhq.org/exceptions/no_such_element.html
Build info: version: &amp;apos;2.43.1&amp;apos;, revision: &amp;apos;5163bceef1bc36d43f3dc0b83c88998168a363a0&amp;apos;, time: &amp;apos;2014-09-10 09:43:55&amp;apos;
System info: host: &amp;apos;LVP1210002&amp;apos;, ip: &amp;apos;172.22.40.72&amp;apos;, os.name: &amp;apos;Windows 7&amp;apos;, os.arch: &amp;apos;amd64&amp;apos;, os.version: &amp;apos;6.1&amp;apos;, java.version: &amp;apos;1.7.0_51&amp;apos;
Session ID: 478c029f-1eeb-4628-9e28-fc99178303d1
Driver info: org.openqa.selenium.firefox.FirefoxDriver
Capabilities [{platform=WINDOWS, databaseEnabled=true, cssSelectorsEnabled=true, javascriptEnabled=true, acceptSslCerts=true, handlesAlerts=true, browserName=firefox, webStorageEnabled=true, nativeEvents=true, rotatable=false, locationContextEnabled=true, applicationCacheEnabled=true, takesScreenshot=true, version=32.0.3}]">
      <![CDATA[org.openqa.selenium.NoSuchElementException: Unable to locate element: {"method":"xpath","selector":"//div[contains(@class,'table-row')][contains(.,'eProduc1')]/div[contains(@class,'tr-cell actions')]/img[1]"}
Command duration or timeout: 23 milliseconds
For documentation on this error, please visit: http://seleniumhq.org/exceptions/no_such_element.html
Build info: version: '2.43.1', revision: '5163bceef1bc36d43f3dc0b83c88998168a363a0', time: '2014-09-10 09:43:55'
System info: host: 'LVP1210002', ip: '172.22.40.72', os.name: 'Windows 7', os.arch: 'amd64', os.version: '6.1', java.version: '1.7.0_51'
Session ID: 478c029f-1eeb-4628-9e28-fc99178303d1
Driver info: org.openqa.selenium.firefox.FirefoxDriver
Capabilities [{platform=WINDOWS, databaseEnabled=true, cssSelectorsEnabled=true, javascriptEnabled=true, acceptSslCerts=true, handlesAlerts=true, browserName=firefox, webStorageEnabled=true, nativeEvents=true, rotatable=false, locationContextEnabled=true, applicationCacheEnabled=true, takesScreenshot=true, version=32.0.3}]
	at org.openqa.selenium.remote.ErrorHandler.createThrowable(ErrorHandler.java:204)
	at org.openqa.selenium.remote.ErrorHandler.throwIfResponseFailed(ErrorHandler.java:156)
	at org.openqa.selenium.remote.RemoteWebDriver.execute(RemoteWebDriver.java:599)
	at org.openqa.selenium.remote.RemoteWebDriver.findElement(RemoteWebDriver.java:352)
	at org.openqa.selenium.remote.RemoteWebDriver.findElementByXPath(RemoteWebDriver.java:449)
	at org.openqa.selenium.By$ByXPath.findElement(By.java:357)
	at org.openqa.selenium.remote.RemoteWebDriver.findElement(RemoteWebDriver.java:344)
	at com.lohika.atf.core.web.WebComponent.getWebElement(WebComponent.java:39)
	at com.lohika.atf.core.web.WebComponent.click(WebComponent.java:29)
	at com.lohika.atf.core.web.page.MainPage.EditProductByName(MainPage.java:119)
	at com.lohika.atf.tests.TestF.editCancelProduct(TestF.java:134)
Caused by: org.openqa.selenium.NoSuchElementException: Unable to locate element: {"method":"xpath","selector":"//div[contains(@class,'table-row')][contains(.,'eProduc1')]/div[contains(@class,'tr-cell actions')]/img[1]"}
For documentation on this error, please visit: http://seleniumhq.org/exceptions/no_such_element.html
Build info: version: '2.43.1', revision: '5163bceef1bc36d43f3dc0b83c88998168a363a0', time: '2014-09-10 09:43:55'
System info: host: 'LVP1210002', ip: '172.22.40.72', os.name: 'Windows 7', os.arch: 'amd64', os.version: '6.1', java.version: '1.7.0_51'
Driver info: driver.version: unknown
	at <anonymous class>.FirefoxDriver.prototype.findElementInternal_(file:///C:/Users/YHNATY~1.LV/AppData/Local/Temp/anonymous661063986609629879webdriver-profile/extensions/fxdriver@googlecode.com/components/driver-component.js:9618:133)
	at <anonymous class>.FirefoxDriver.prototype.findElement(file:///C:/Users/YHNATY~1.LV/AppData/Local/Temp/anonymous661063986609629879webdriver-profile/extensions/fxdriver@googlecode.com/components/driver-component.js:9627:3)
	at <anonymous class>.DelayedCommand.prototype.executeInternal_/h(file:///C:/Users/YHNATY~1.LV/AppData/Local/Temp/anonymous661063986609629879webdriver-profile/extensions/fxdriver@googlecode.com/components/command-processor.js:11612:16)
	at <anonymous class>.DelayedCommand.prototype.executeInternal_(file:///C:/Users/YHNATY~1.LV/AppData/Local/Temp/anonymous661063986609629879webdriver-profile/extensions/fxdriver@googlecode.com/components/command-processor.js:11617:7)
	at <anonymous class>.DelayedCommand.prototype.execute/<(file:///C:/Users/YHNATY~1.LV/AppData/Local/Temp/anonymous661063986609629879webdriver-profile/extensions/fxdriver@googlecode.com/components/command-processor.js:11559:5)
... Removed 32 stack frames]]>
    </failure>
  </testcase> <!-- editCancelProduct -->
  <testcase name="editProductInvoice" time="1.073" classname="com.lohika.atf.tests.TestF">
    <failure type="java.lang.AssertionError" message="expected [[[FirefoxDriver: firefox on WINDOWS (478c029f-1eeb-4628-9e28-fc99178303d1)] -&amp;gt; xpath: //div[1]/div[contains(@class,&amp;apos;product&amp;apos;)]]] but found [eProduc1]">
      <![CDATA[java.lang.AssertionError: expected [[[FirefoxDriver: firefox on WINDOWS (478c029f-1eeb-4628-9e28-fc99178303d1)] -> xpath: //div[1]/div[contains(@class,'product')]]] but found [eProduc1]
	at com.lohika.atf.tests.TestF.editProductInvoice(TestF.java:128)
... Removed 32 stack frames]]>
    </failure>
  </testcase> <!-- editProductInvoice -->
  <testcase name="editProductSingleRow" time="0.0" classname="com.lohika.atf.tests.TestF"/>
  <testcase name="validationAddProductFields" time="0.674" classname="com.lohika.atf.tests.TestF">
    <failure type="org.openqa.selenium.InvalidSelectorException" message="The given selector //input[contains(@id,&amp;apos;product&amp;apos;)]/@class is either invalid or does not result in a WebElement. The following error occurred:
InvalidSelectorError: The result of the xpath expression &amp;quot;//input[contains(@id,&amp;apos;product&amp;apos;)]/@class&amp;quot; is: [object XrayWrapper [object Attr]]. It should be an element.
Command duration or timeout: 30 milliseconds
For documentation on this error, please visit: http://seleniumhq.org/exceptions/invalid_selector_exception.html
Build info: version: &amp;apos;2.43.1&amp;apos;, revision: &amp;apos;5163bceef1bc36d43f3dc0b83c88998168a363a0&amp;apos;, time: &amp;apos;2014-09-10 09:43:55&amp;apos;
System info: host: &amp;apos;LVP1210002&amp;apos;, ip: &amp;apos;172.22.40.72&amp;apos;, os.name: &amp;apos;Windows 7&amp;apos;, os.arch: &amp;apos;amd64&amp;apos;, os.version: &amp;apos;6.1&amp;apos;, java.version: &amp;apos;1.7.0_51&amp;apos;
Session ID: 478c029f-1eeb-4628-9e28-fc99178303d1
Driver info: org.openqa.selenium.firefox.FirefoxDriver
Capabilities [{platform=WINDOWS, databaseEnabled=true, cssSelectorsEnabled=true, javascriptEnabled=true, acceptSslCerts=true, handlesAlerts=true, browserName=firefox, webStorageEnabled=true, nativeEvents=true, rotatable=false, locationContextEnabled=true, applicationCacheEnabled=true, takesScreenshot=true, version=32.0.3}]">
      <![CDATA[org.openqa.selenium.InvalidSelectorException: The given selector //input[contains(@id,'product')]/@class is either invalid or does not result in a WebElement. The following error occurred:
InvalidSelectorError: The result of the xpath expression "//input[contains(@id,'product')]/@class" is: [object XrayWrapper [object Attr]]. It should be an element.
Command duration or timeout: 30 milliseconds
For documentation on this error, please visit: http://seleniumhq.org/exceptions/invalid_selector_exception.html
Build info: version: '2.43.1', revision: '5163bceef1bc36d43f3dc0b83c88998168a363a0', time: '2014-09-10 09:43:55'
System info: host: 'LVP1210002', ip: '172.22.40.72', os.name: 'Windows 7', os.arch: 'amd64', os.version: '6.1', java.version: '1.7.0_51'
Session ID: 478c029f-1eeb-4628-9e28-fc99178303d1
Driver info: org.openqa.selenium.firefox.FirefoxDriver
Capabilities [{platform=WINDOWS, databaseEnabled=true, cssSelectorsEnabled=true, javascriptEnabled=true, acceptSslCerts=true, handlesAlerts=true, browserName=firefox, webStorageEnabled=true, nativeEvents=true, rotatable=false, locationContextEnabled=true, applicationCacheEnabled=true, takesScreenshot=true, version=32.0.3}]
	at org.openqa.selenium.remote.ErrorHandler.createThrowable(ErrorHandler.java:204)
	at org.openqa.selenium.remote.ErrorHandler.throwIfResponseFailed(ErrorHandler.java:156)
	at org.openqa.selenium.remote.RemoteWebDriver.execute(RemoteWebDriver.java:599)
	at org.openqa.selenium.remote.RemoteWebDriver.findElement(RemoteWebDriver.java:352)
	at org.openqa.selenium.remote.RemoteWebDriver.findElementByXPath(RemoteWebDriver.java:449)
	at org.openqa.selenium.By$ByXPath.findElement(By.java:357)
	at org.openqa.selenium.remote.RemoteWebDriver.findElement(RemoteWebDriver.java:344)
	at com.lohika.atf.tests.TestF.validationAddProductFields(TestF.java:150)
Caused by: org.openqa.selenium.InvalidSelectorException: The given selector //input[contains(@id,'product')]/@class is either invalid or does not result in a WebElement. The following error occurred:
InvalidSelectorError: The result of the xpath expression "//input[contains(@id,'product')]/@class" is: [object XrayWrapper [object Attr]]. It should be an element.
For documentation on this error, please visit: http://seleniumhq.org/exceptions/invalid_selector_exception.html
Build info: version: '2.43.1', revision: '5163bceef1bc36d43f3dc0b83c88998168a363a0', time: '2014-09-10 09:43:55'
System info: host: 'LVP1210002', ip: '172.22.40.72', os.name: 'Windows 7', os.arch: 'amd64', os.version: '6.1', java.version: '1.7.0_51'
Driver info: driver.version: unknown
	at <anonymous class>.FirefoxDriver.annotateInvalidSelectorError_(file:///C:/Users/YHNATY~1.LV/AppData/Local/Temp/anonymous661063986609629879webdriver-profile/extensions/fxdriver@googlecode.com/components/driver-component.js:9592:5)
	at <anonymous class>.FirefoxDriver.prototype.findElementInternal_(file:///C:/Users/YHNATY~1.LV/AppData/Local/Temp/anonymous661063986609629879webdriver-profile/extensions/fxdriver@googlecode.com/components/driver-component.js:9623:5)
	at <anonymous class>.FirefoxDriver.prototype.findElement(file:///C:/Users/YHNATY~1.LV/AppData/Local/Temp/anonymous661063986609629879webdriver-profile/extensions/fxdriver@googlecode.com/components/driver-component.js:9627:3)
	at <anonymous class>.DelayedCommand.prototype.executeInternal_/h(file:///C:/Users/YHNATY~1.LV/AppData/Local/Temp/anonymous661063986609629879webdriver-profile/extensions/fxdriver@googlecode.com/components/command-processor.js:11612:16)
	at <anonymous class>.DelayedCommand.prototype.executeInternal_(file:///C:/Users/YHNATY~1.LV/AppData/Local/Temp/anonymous661063986609629879webdriver-profile/extensions/fxdriver@googlecode.com/components/command-processor.js:11617:7)
	at <anonymous class>.DelayedCommand.prototype.execute/<(file:///C:/Users/YHNATY~1.LV/AppData/Local/Temp/anonymous661063986609629879webdriver-profile/extensions/fxdriver@googlecode.com/components/command-processor.js:11559:5)
... Removed 32 stack frames]]>
    </failure>
  </testcase> <!-- validationAddProductFields -->
  <testcase name="validationEditProductFields" time="1.022" classname="com.lohika.atf.tests.TestF">
    <failure type="org.openqa.selenium.InvalidSelectorException" message="The given selector //input[contains(@id,&amp;apos;product&amp;apos;)]/@class is either invalid or does not result in a WebElement. The following error occurred:
InvalidSelectorError: The result of the xpath expression &amp;quot;//input[contains(@id,&amp;apos;product&amp;apos;)]/@class&amp;quot; is: [object XrayWrapper [object Attr]]. It should be an element.
Command duration or timeout: 25 milliseconds
For documentation on this error, please visit: http://seleniumhq.org/exceptions/invalid_selector_exception.html
Build info: version: &amp;apos;2.43.1&amp;apos;, revision: &amp;apos;5163bceef1bc36d43f3dc0b83c88998168a363a0&amp;apos;, time: &amp;apos;2014-09-10 09:43:55&amp;apos;
System info: host: &amp;apos;LVP1210002&amp;apos;, ip: &amp;apos;172.22.40.72&amp;apos;, os.name: &amp;apos;Windows 7&amp;apos;, os.arch: &amp;apos;amd64&amp;apos;, os.version: &amp;apos;6.1&amp;apos;, java.version: &amp;apos;1.7.0_51&amp;apos;
Session ID: 478c029f-1eeb-4628-9e28-fc99178303d1
Driver info: org.openqa.selenium.firefox.FirefoxDriver
Capabilities [{platform=WINDOWS, databaseEnabled=true, cssSelectorsEnabled=true, javascriptEnabled=true, acceptSslCerts=true, handlesAlerts=true, browserName=firefox, webStorageEnabled=true, nativeEvents=true, rotatable=false, locationContextEnabled=true, applicationCacheEnabled=true, takesScreenshot=true, version=32.0.3}]">
      <![CDATA[org.openqa.selenium.InvalidSelectorException: The given selector //input[contains(@id,'product')]/@class is either invalid or does not result in a WebElement. The following error occurred:
InvalidSelectorError: The result of the xpath expression "//input[contains(@id,'product')]/@class" is: [object XrayWrapper [object Attr]]. It should be an element.
Command duration or timeout: 25 milliseconds
For documentation on this error, please visit: http://seleniumhq.org/exceptions/invalid_selector_exception.html
Build info: version: '2.43.1', revision: '5163bceef1bc36d43f3dc0b83c88998168a363a0', time: '2014-09-10 09:43:55'
System info: host: 'LVP1210002', ip: '172.22.40.72', os.name: 'Windows 7', os.arch: 'amd64', os.version: '6.1', java.version: '1.7.0_51'
Session ID: 478c029f-1eeb-4628-9e28-fc99178303d1
Driver info: org.openqa.selenium.firefox.FirefoxDriver
Capabilities [{platform=WINDOWS, databaseEnabled=true, cssSelectorsEnabled=true, javascriptEnabled=true, acceptSslCerts=true, handlesAlerts=true, browserName=firefox, webStorageEnabled=true, nativeEvents=true, rotatable=false, locationContextEnabled=true, applicationCacheEnabled=true, takesScreenshot=true, version=32.0.3}]
	at org.openqa.selenium.remote.ErrorHandler.createThrowable(ErrorHandler.java:204)
	at org.openqa.selenium.remote.ErrorHandler.throwIfResponseFailed(ErrorHandler.java:156)
	at org.openqa.selenium.remote.RemoteWebDriver.execute(RemoteWebDriver.java:599)
	at org.openqa.selenium.remote.RemoteWebDriver.findElement(RemoteWebDriver.java:352)
	at org.openqa.selenium.remote.RemoteWebDriver.findElementByXPath(RemoteWebDriver.java:449)
	at org.openqa.selenium.By$ByXPath.findElement(By.java:357)
	at org.openqa.selenium.remote.RemoteWebDriver.findElement(RemoteWebDriver.java:344)
	at com.lohika.atf.tests.TestF.validationEditProductFields(TestF.java:162)
Caused by: org.openqa.selenium.InvalidSelectorException: The given selector //input[contains(@id,'product')]/@class is either invalid or does not result in a WebElement. The following error occurred:
InvalidSelectorError: The result of the xpath expression "//input[contains(@id,'product')]/@class" is: [object XrayWrapper [object Attr]]. It should be an element.
For documentation on this error, please visit: http://seleniumhq.org/exceptions/invalid_selector_exception.html
Build info: version: '2.43.1', revision: '5163bceef1bc36d43f3dc0b83c88998168a363a0', time: '2014-09-10 09:43:55'
System info: host: 'LVP1210002', ip: '172.22.40.72', os.name: 'Windows 7', os.arch: 'amd64', os.version: '6.1', java.version: '1.7.0_51'
Driver info: driver.version: unknown
	at <anonymous class>.FirefoxDriver.annotateInvalidSelectorError_(file:///C:/Users/YHNATY~1.LV/AppData/Local/Temp/anonymous661063986609629879webdriver-profile/extensions/fxdriver@googlecode.com/components/driver-component.js:9592:5)
	at <anonymous class>.FirefoxDriver.prototype.findElementInternal_(file:///C:/Users/YHNATY~1.LV/AppData/Local/Temp/anonymous661063986609629879webdriver-profile/extensions/fxdriver@googlecode.com/components/driver-component.js:9623:5)
	at <anonymous class>.FirefoxDriver.prototype.findElement(file:///C:/Users/YHNATY~1.LV/AppData/Local/Temp/anonymous661063986609629879webdriver-profile/extensions/fxdriver@googlecode.com/components/driver-component.js:9627:3)
	at <anonymous class>.DelayedCommand.prototype.executeInternal_/h(file:///C:/Users/YHNATY~1.LV/AppData/Local/Temp/anonymous661063986609629879webdriver-profile/extensions/fxdriver@googlecode.com/components/command-processor.js:11612:16)
	at <anonymous class>.DelayedCommand.prototype.executeInternal_(file:///C:/Users/YHNATY~1.LV/AppData/Local/Temp/anonymous661063986609629879webdriver-profile/extensions/fxdriver@googlecode.com/components/command-processor.js:11617:7)
	at <anonymous class>.DelayedCommand.prototype.execute/<(file:///C:/Users/YHNATY~1.LV/AppData/Local/Temp/anonymous661063986609629879webdriver-profile/extensions/fxdriver@googlecode.com/components/command-processor.js:11559:5)
... Removed 32 stack frames]]>
    </failure>
  </testcase> <!-- validationEditProductFields -->
</testsuite> <!-- Surefire test -->
