<html>
<head>
<title>TestNG:  Surefire test</title>
<link href="../testng.css" rel="stylesheet" type="text/css" />
<link href="../my-testng.css" rel="stylesheet" type="text/css" />

<style type="text/css">
.log { display: none;} 
.stack-trace { display: none;} 
</style>
<script type="text/javascript">
<!--
function flip(e) {
  current = e.style.display;
  if (current == 'block') {
    e.style.display = 'none';
    return 0;
  }
  else {
    e.style.display = 'block';
    return 1;
  }
}

function toggleBox(szDivId, elem, msg1, msg2)
{
  var res = -1;  if (document.getElementById) {
    res = flip(document.getElementById(szDivId));
  }
  else if (document.all) {
    // this is the way old msie versions work
    res = flip(document.all[szDivId]);
  }
  if(elem) {
    if(res == 0) elem.innerHTML = msg1; else elem.innerHTML = msg2;
  }

}

function toggleAllBoxes() {
  if (document.getElementsByTagName) {
    d = document.getElementsByTagName('div');
    for (i = 0; i < d.length; i++) {
      if (d[i].className == 'log') {
        flip(d[i]);
      }
    }
  }
}

// -->
</script>

</head>
<body>
<h2 align='center'>Surefire test</h2><table border='1' align="center">
<tr>
<td>Tests passed/Failed/Skipped:</td><td>4/4/0</td>
</tr><tr>
<td>Started on:</td><td>Mon Oct 06 18:23:05 EEST 2014</td>
</tr>
<tr><td>Total time:</td><td>9 seconds (9033 ms)</td>
</tr><tr>
<td>Included groups:</td><td></td>
</tr><tr>
<td>Excluded groups:</td><td></td>
</tr>
</table><p/>
<small><i>(Hover the method name to see the test class name)</i></small><p/>
<table width='100%' border='1' class='invocation-failed'>
<tr><td colspan='4' align='center'><b>FAILED TESTS</b></td></tr>
<tr><td><b>Test method</b></td>
<td width="30%"><b>Exception</b></td>
<td width="10%"><b>Time (seconds)</b></td>
<td><b>Instance</b></td>
</tr>
<tr>
<td title='com.lohika.atf.tests.TestF.editCancelProduct()'><b>editCancelProduct</b><br>Test class: com.lohika.atf.tests.TestF<br>Test method: Successful 'Cancel Edit Changes of the product in the Invoice Table'</td>
<td><div><pre>org.openqa.selenium.NoSuchElementException: Unable to locate element: {&quot;method&quot;:&quot;xpath&quot;,&quot;selector&quot;:&quot;//div[contains(@class,&apos;table-row&apos;)][contains(.,&apos;eProduc1&apos;)]/div[contains(@class,&apos;tr-cell actions&apos;)]/img[1]&quot;}
Command duration or timeout: 23 milliseconds
For documentation on this error, please visit: http://seleniumhq.org/exceptions/no_such_element.html
Build info: version: &apos;2.43.1&apos;, revision: &apos;5163bceef1bc36d43f3dc0b83c88998168a363a0&apos;, time: &apos;2014-09-10 09:43:55&apos;
System info: host: &apos;LVP1210002&apos;, ip: &apos;172.22.40.72&apos;, os.name: &apos;Windows 7&apos;, os.arch: &apos;amd64&apos;, os.version: &apos;6.1&apos;, java.version: &apos;1.7.0_51&apos;
Session ID: 478c029f-1eeb-4628-9e28-fc99178303d1
Driver info: org.openqa.selenium.firefox.FirefoxDriver
Capabilities [{platform=WINDOWS, databaseEnabled=true, cssSelectorsEnabled=true, javascriptEnabled=true, acceptSslCerts=true, handlesAlerts=true, browserName=firefox, webStorageEnabled=true, nativeEvents=true, rotatable=false, locationContextEnabled=true, applicationCacheEnabled=true, takesScreenshot=true, version=32.0.3}]
	at org.openqa.selenium.remote.ErrorHandler.createThrowable(ErrorHandler.java:204)
	at org.openqa.selenium.remote.ErrorHandler.throwIfResponseFailed(ErrorHandler.java:156)
	at org.openqa.selenium.remote.RemoteWebDriver.execute(RemoteWebDriver.java:599)
	at org.openqa.selenium.remote.RemoteWebDriver.findElement(RemoteWebDriver.java:352)
	at org.openqa.selenium.remote.RemoteWebDriver.findElementByXPath(RemoteWebDriver.java:449)
	at org.openqa.selenium.By$ByXPath.findElement(By.java:357)
	at org.openqa.selenium.remote.RemoteWebDriver.findElement(RemoteWebDriver.java:344)
	at com.lohika.atf.core.web.WebComponent.getWebElement(WebComponent.java:39)
	at com.lohika.atf.core.web.WebComponent.click(WebComponent.java:29)
	at com.lohika.atf.core.web.page.MainPage.EditProductByName(MainPage.java:119)
	at com.lohika.atf.tests.TestF.editCancelProduct(TestF.java:134)
Caused by: org.openqa.selenium.NoSuchElementException: Unable to locate element: {&quot;method&quot;:&quot;xpath&quot;,&quot;selector&quot;:&quot;//div[contains(@class,&apos;table-row&apos;)][contains(.,&apos;eProduc1&apos;)]/div[contains(@class,&apos;tr-cell actions&apos;)]/img[1]&quot;}
For documentation on this error, please visit: http://seleniumhq.org/exceptions/no_such_element.html
Build info: version: &apos;2.43.1&apos;, revision: &apos;5163bceef1bc36d43f3dc0b83c88998168a363a0&apos;, time: &apos;2014-09-10 09:43:55&apos;
System info: host: &apos;LVP1210002&apos;, ip: &apos;172.22.40.72&apos;, os.name: &apos;Windows 7&apos;, os.arch: &apos;amd64&apos;, os.version: &apos;6.1&apos;, java.version: &apos;1.7.0_51&apos;
Driver info: driver.version: unknown
	at &lt;anonymous class&gt;.FirefoxDriver.prototype.findElementInternal_(file:///C:/Users/YHNATY~1.LV/AppData/Local/Temp/anonymous661063986609629879webdriver-profile/extensions/fxdriver@googlecode.com/components/driver-component.js:9618:133)
	at &lt;anonymous class&gt;.FirefoxDriver.prototype.findElement(file:///C:/Users/YHNATY~1.LV/AppData/Local/Temp/anonymous661063986609629879webdriver-profile/extensions/fxdriver@googlecode.com/components/driver-component.js:9627:3)
	at &lt;anonymous class&gt;.DelayedCommand.prototype.executeInternal_/h(file:///C:/Users/YHNATY~1.LV/AppData/Local/Temp/anonymous661063986609629879webdriver-profile/extensions/fxdriver@googlecode.com/components/command-processor.js:11612:16)
	at &lt;anonymous class&gt;.DelayedCommand.prototype.executeInternal_(file:///C:/Users/YHNATY~1.LV/AppData/Local/Temp/anonymous661063986609629879webdriver-profile/extensions/fxdriver@googlecode.com/components/command-processor.js:11617:7)
	at &lt;anonymous class&gt;.DelayedCommand.prototype.execute/&lt;(file:///C:/Users/YHNATY~1.LV/AppData/Local/Temp/anonymous661063986609629879webdriver-profile/extensions/fxdriver@googlecode.com/components/command-processor.js:11559:5)
... Removed 32 stack frames</pre></div><a href='#' onClick='toggleBox("stack-trace1005202251", this, "Click to show all stack frames", "Click to hide stack frames")'>Click to show all stack frames</a>
<div class='stack-trace' id='stack-trace1005202251'><pre>org.openqa.selenium.NoSuchElementException: Unable to locate element: {&quot;method&quot;:&quot;xpath&quot;,&quot;selector&quot;:&quot;//div[contains(@class,&apos;table-row&apos;)][contains(.,&apos;eProduc1&apos;)]/div[contains(@class,&apos;tr-cell actions&apos;)]/img[1]&quot;}
Command duration or timeout: 23 milliseconds
For documentation on this error, please visit: http://seleniumhq.org/exceptions/no_such_element.html
Build info: version: &apos;2.43.1&apos;, revision: &apos;5163bceef1bc36d43f3dc0b83c88998168a363a0&apos;, time: &apos;2014-09-10 09:43:55&apos;
System info: host: &apos;LVP1210002&apos;, ip: &apos;172.22.40.72&apos;, os.name: &apos;Windows 7&apos;, os.arch: &apos;amd64&apos;, os.version: &apos;6.1&apos;, java.version: &apos;1.7.0_51&apos;
Session ID: 478c029f-1eeb-4628-9e28-fc99178303d1
Driver info: org.openqa.selenium.firefox.FirefoxDriver
Capabilities [{platform=WINDOWS, databaseEnabled=true, cssSelectorsEnabled=true, javascriptEnabled=true, acceptSslCerts=true, handlesAlerts=true, browserName=firefox, webStorageEnabled=true, nativeEvents=true, rotatable=false, locationContextEnabled=true, applicationCacheEnabled=true, takesScreenshot=true, version=32.0.3}]
	at sun.reflect.NativeConstructorAccessorImpl.newInstance0(Native Method)
	at sun.reflect.NativeConstructorAccessorImpl.newInstance(Unknown Source)
	at sun.reflect.DelegatingConstructorAccessorImpl.newInstance(Unknown Source)
	at java.lang.reflect.Constructor.newInstance(Unknown Source)
	at org.openqa.selenium.remote.ErrorHandler.createThrowable(ErrorHandler.java:204)
	at org.openqa.selenium.remote.ErrorHandler.throwIfResponseFailed(ErrorHandler.java:156)
	at org.openqa.selenium.remote.RemoteWebDriver.execute(RemoteWebDriver.java:599)
	at org.openqa.selenium.remote.RemoteWebDriver.findElement(RemoteWebDriver.java:352)
	at org.openqa.selenium.remote.RemoteWebDriver.findElementByXPath(RemoteWebDriver.java:449)
	at org.openqa.selenium.By$ByXPath.findElement(By.java:357)
	at org.openqa.selenium.remote.RemoteWebDriver.findElement(RemoteWebDriver.java:344)
	at com.lohika.atf.core.web.WebComponent.getWebElement(WebComponent.java:39)
	at com.lohika.atf.core.web.WebComponent.click(WebComponent.java:29)
	at com.lohika.atf.core.web.page.MainPage.EditProductByName(MainPage.java:119)
	at com.lohika.atf.tests.TestF.editCancelProduct(TestF.java:134)
	at sun.reflect.NativeMethodAccessorImpl.invoke0(Native Method)
	at sun.reflect.NativeMethodAccessorImpl.invoke(Unknown Source)
	at sun.reflect.DelegatingMethodAccessorImpl.invoke(Unknown Source)
	at java.lang.reflect.Method.invoke(Unknown Source)
	at org.testng.internal.MethodInvocationHelper.invokeMethod(MethodInvocationHelper.java:84)
	at org.testng.internal.Invoker.invokeMethod(Invoker.java:714)
	at org.testng.internal.Invoker.invokeTestMethod(Invoker.java:901)
	at org.testng.internal.Invoker.invokeTestMethods(Invoker.java:1231)
	at org.testng.internal.TestMethodWorker.invokeTestMethods(TestMethodWorker.java:127)
	at org.testng.internal.TestMethodWorker.run(TestMethodWorker.java:111)
	at org.testng.TestRunner.privateRun(TestRunner.java:767)
	at org.testng.TestRunner.run(TestRunner.java:617)
	at org.testng.SuiteRunner.runTest(SuiteRunner.java:348)
	at org.testng.SuiteRunner.runSequentially(SuiteRunner.java:343)
	at org.testng.SuiteRunner.privateRun(SuiteRunner.java:305)
	at org.testng.SuiteRunner.run(SuiteRunner.java:254)
	at org.testng.SuiteRunnerWorker.runSuite(SuiteRunnerWorker.java:52)
	at org.testng.SuiteRunnerWorker.run(SuiteRunnerWorker.java:86)
	at org.testng.TestNG.runSuitesSequentially(TestNG.java:1224)
	at org.testng.TestNG.runSuitesLocally(TestNG.java:1149)
	at org.testng.TestNG.run(TestNG.java:1057)
	at org.apache.maven.surefire.testng.TestNGExecutor.run(TestNGExecutor.java:115)
	at org.apache.maven.surefire.testng.TestNGDirectoryTestSuite.executeSingleClass(TestNGDirectoryTestSuite.java:128)
	at org.apache.maven.surefire.testng.TestNGDirectoryTestSuite.execute(TestNGDirectoryTestSuite.java:112)
	at org.apache.maven.surefire.testng.TestNGProvider.invoke(TestNGProvider.java:112)
	at org.apache.maven.surefire.booter.ForkedBooter.invokeProviderInSameClassLoader(ForkedBooter.java:200)
	at org.apache.maven.surefire.booter.ForkedBooter.runSuitesInProcess(ForkedBooter.java:153)
	at org.apache.maven.surefire.booter.ForkedBooter.main(ForkedBooter.java:103)
Caused by: org.openqa.selenium.NoSuchElementException: Unable to locate element: {&quot;method&quot;:&quot;xpath&quot;,&quot;selector&quot;:&quot;//div[contains(@class,&apos;table-row&apos;)][contains(.,&apos;eProduc1&apos;)]/div[contains(@class,&apos;tr-cell actions&apos;)]/img[1]&quot;}
For documentation on this error, please visit: http://seleniumhq.org/exceptions/no_such_element.html
Build info: version: &apos;2.43.1&apos;, revision: &apos;5163bceef1bc36d43f3dc0b83c88998168a363a0&apos;, time: &apos;2014-09-10 09:43:55&apos;
System info: host: &apos;LVP1210002&apos;, ip: &apos;172.22.40.72&apos;, os.name: &apos;Windows 7&apos;, os.arch: &apos;amd64&apos;, os.version: &apos;6.1&apos;, java.version: &apos;1.7.0_51&apos;
Driver info: driver.version: unknown
	at &lt;anonymous class&gt;.FirefoxDriver.prototype.findElementInternal_(file:///C:/Users/YHNATY~1.LV/AppData/Local/Temp/anonymous661063986609629879webdriver-profile/extensions/fxdriver@googlecode.com/components/driver-component.js:9618:133)
	at &lt;anonymous class&gt;.FirefoxDriver.prototype.findElement(file:///C:/Users/YHNATY~1.LV/AppData/Local/Temp/anonymous661063986609629879webdriver-profile/extensions/fxdriver@googlecode.com/components/driver-component.js:9627:3)
	at &lt;anonymous class&gt;.DelayedCommand.prototype.executeInternal_/h(file:///C:/Users/YHNATY~1.LV/AppData/Local/Temp/anonymous661063986609629879webdriver-profile/extensions/fxdriver@googlecode.com/components/command-processor.js:11612:16)
	at &lt;anonymous class&gt;.DelayedCommand.prototype.executeInternal_(file:///C:/Users/YHNATY~1.LV/AppData/Local/Temp/anonymous661063986609629879webdriver-profile/extensions/fxdriver@googlecode.com/components/command-processor.js:11617:7)
	at &lt;anonymous class&gt;.DelayedCommand.prototype.execute/&lt;(file:///C:/Users/YHNATY~1.LV/AppData/Local/Temp/anonymous661063986609629879webdriver-profile/extensions/fxdriver@googlecode.com/components/command-processor.js:11559:5)
</pre></div></td>
<td>0</td>
<td>com.lohika.atf.tests.TestF@799aae6a</td></tr>
<tr>
<td title='com.lohika.atf.tests.TestF.editProductInvoice()'><b>editProductInvoice</b><br>Test class: com.lohika.atf.tests.TestF<br>Test method: Successful 'Edit of the product in the Invoice Table'</td>
<td><div><pre>java.lang.AssertionError: expected [[[FirefoxDriver: firefox on WINDOWS (478c029f-1eeb-4628-9e28-fc99178303d1)] -&gt; xpath: //div[1]/div[contains(@class,&apos;product&apos;)]]] but found [eProduc1]
	at com.lohika.atf.tests.TestF.editProductInvoice(TestF.java:128)
... Removed 32 stack frames</pre></div><a href='#' onClick='toggleBox("stack-trace1966549224", this, "Click to show all stack frames", "Click to hide stack frames")'>Click to show all stack frames</a>
<div class='stack-trace' id='stack-trace1966549224'><pre>java.lang.AssertionError: expected [[[FirefoxDriver: firefox on WINDOWS (478c029f-1eeb-4628-9e28-fc99178303d1)] -&gt; xpath: //div[1]/div[contains(@class,&apos;product&apos;)]]] but found [eProduc1]
	at org.testng.Assert.fail(Assert.java:94)
	at org.testng.Assert.failNotEquals(Assert.java:494)
	at org.testng.Assert.assertEquals(Assert.java:123)
	at org.testng.Assert.assertEquals(Assert.java:165)
	at com.lohika.atf.tests.TestF.editProductInvoice(TestF.java:128)
	at sun.reflect.NativeMethodAccessorImpl.invoke0(Native Method)
	at sun.reflect.NativeMethodAccessorImpl.invoke(Unknown Source)
	at sun.reflect.DelegatingMethodAccessorImpl.invoke(Unknown Source)
	at java.lang.reflect.Method.invoke(Unknown Source)
	at org.testng.internal.MethodInvocationHelper.invokeMethod(MethodInvocationHelper.java:84)
	at org.testng.internal.Invoker.invokeMethod(Invoker.java:714)
	at org.testng.internal.Invoker.invokeTestMethod(Invoker.java:901)
	at org.testng.internal.Invoker.invokeTestMethods(Invoker.java:1231)
	at org.testng.internal.TestMethodWorker.invokeTestMethods(TestMethodWorker.java:127)
	at org.testng.internal.TestMethodWorker.run(TestMethodWorker.java:111)
	at org.testng.TestRunner.privateRun(TestRunner.java:767)
	at org.testng.TestRunner.run(TestRunner.java:617)
	at org.testng.SuiteRunner.runTest(SuiteRunner.java:348)
	at org.testng.SuiteRunner.runSequentially(SuiteRunner.java:343)
	at org.testng.SuiteRunner.privateRun(SuiteRunner.java:305)
	at org.testng.SuiteRunner.run(SuiteRunner.java:254)
	at org.testng.SuiteRunnerWorker.runSuite(SuiteRunnerWorker.java:52)
	at org.testng.SuiteRunnerWorker.run(SuiteRunnerWorker.java:86)
	at org.testng.TestNG.runSuitesSequentially(TestNG.java:1224)
	at org.testng.TestNG.runSuitesLocally(TestNG.java:1149)
	at org.testng.TestNG.run(TestNG.java:1057)
	at org.apache.maven.surefire.testng.TestNGExecutor.run(TestNGExecutor.java:115)
	at org.apache.maven.surefire.testng.TestNGDirectoryTestSuite.executeSingleClass(TestNGDirectoryTestSuite.java:128)
	at org.apache.maven.surefire.testng.TestNGDirectoryTestSuite.execute(TestNGDirectoryTestSuite.java:112)
	at org.apache.maven.surefire.testng.TestNGProvider.invoke(TestNGProvider.java:112)
	at org.apache.maven.surefire.booter.ForkedBooter.invokeProviderInSameClassLoader(ForkedBooter.java:200)
	at org.apache.maven.surefire.booter.ForkedBooter.runSuitesInProcess(ForkedBooter.java:153)
	at org.apache.maven.surefire.booter.ForkedBooter.main(ForkedBooter.java:103)
</pre></div></td>
<td>1</td>
<td>com.lohika.atf.tests.TestF@799aae6a</td></tr>
<tr>
<td title='com.lohika.atf.tests.TestF.validationAddProductFields()'><b>validationAddProductFields</b><br>Test class: com.lohika.atf.tests.TestF<br>Test method: Validation of Add Product Panel fields</td>
<td><div><pre>org.openqa.selenium.InvalidSelectorException: The given selector //input[contains(@id,&apos;product&apos;)]/@class is either invalid or does not result in a WebElement. The following error occurred:
InvalidSelectorError: The result of the xpath expression &quot;//input[contains(@id,&apos;product&apos;)]/@class&quot; is: [object XrayWrapper [object Attr]]. It should be an element.
Command duration or timeout: 30 milliseconds
For documentation on this error, please visit: http://seleniumhq.org/exceptions/invalid_selector_exception.html
Build info: version: &apos;2.43.1&apos;, revision: &apos;5163bceef1bc36d43f3dc0b83c88998168a363a0&apos;, time: &apos;2014-09-10 09:43:55&apos;
System info: host: &apos;LVP1210002&apos;, ip: &apos;172.22.40.72&apos;, os.name: &apos;Windows 7&apos;, os.arch: &apos;amd64&apos;, os.version: &apos;6.1&apos;, java.version: &apos;1.7.0_51&apos;
Session ID: 478c029f-1eeb-4628-9e28-fc99178303d1
Driver info: org.openqa.selenium.firefox.FirefoxDriver
Capabilities [{platform=WINDOWS, databaseEnabled=true, cssSelectorsEnabled=true, javascriptEnabled=true, acceptSslCerts=true, handlesAlerts=true, browserName=firefox, webStorageEnabled=true, nativeEvents=true, rotatable=false, locationContextEnabled=true, applicationCacheEnabled=true, takesScreenshot=true, version=32.0.3}]
	at org.openqa.selenium.remote.ErrorHandler.createThrowable(ErrorHandler.java:204)
	at org.openqa.selenium.remote.ErrorHandler.throwIfResponseFailed(ErrorHandler.java:156)
	at org.openqa.selenium.remote.RemoteWebDriver.execute(RemoteWebDriver.java:599)
	at org.openqa.selenium.remote.RemoteWebDriver.findElement(RemoteWebDriver.java:352)
	at org.openqa.selenium.remote.RemoteWebDriver.findElementByXPath(RemoteWebDriver.java:449)
	at org.openqa.selenium.By$ByXPath.findElement(By.java:357)
	at org.openqa.selenium.remote.RemoteWebDriver.findElement(RemoteWebDriver.java:344)
	at com.lohika.atf.tests.TestF.validationAddProductFields(TestF.java:150)
Caused by: org.openqa.selenium.InvalidSelectorException: The given selector //input[contains(@id,&apos;product&apos;)]/@class is either invalid or does not result in a WebElement. The following error occurred:
InvalidSelectorError: The result of the xpath expression &quot;//input[contains(@id,&apos;product&apos;)]/@class&quot; is: [object XrayWrapper [object Attr]]. It should be an element.
For documentation on this error, please visit: http://seleniumhq.org/exceptions/invalid_selector_exception.html
Build info: version: &apos;2.43.1&apos;, revision: &apos;5163bceef1bc36d43f3dc0b83c88998168a363a0&apos;, time: &apos;2014-09-10 09:43:55&apos;
System info: host: &apos;LVP1210002&apos;, ip: &apos;172.22.40.72&apos;, os.name: &apos;Windows 7&apos;, os.arch: &apos;amd64&apos;, os.version: &apos;6.1&apos;, java.version: &apos;1.7.0_51&apos;
Driver info: driver.version: unknown
	at &lt;anonymous class&gt;.FirefoxDriver.annotateInvalidSelectorError_(file:///C:/Users/YHNATY~1.LV/AppData/Local/Temp/anonymous661063986609629879webdriver-profile/extensions/fxdriver@googlecode.com/components/driver-component.js:9592:5)
	at &lt;anonymous class&gt;.FirefoxDriver.prototype.findElementInternal_(file:///C:/Users/YHNATY~1.LV/AppData/Local/Temp/anonymous661063986609629879webdriver-profile/extensions/fxdriver@googlecode.com/components/driver-component.js:9623:5)
	at &lt;anonymous class&gt;.FirefoxDriver.prototype.findElement(file:///C:/Users/YHNATY~1.LV/AppData/Local/Temp/anonymous661063986609629879webdriver-profile/extensions/fxdriver@googlecode.com/components/driver-component.js:9627:3)
	at &lt;anonymous class&gt;.DelayedCommand.prototype.executeInternal_/h(file:///C:/Users/YHNATY~1.LV/AppData/Local/Temp/anonymous661063986609629879webdriver-profile/extensions/fxdriver@googlecode.com/components/command-processor.js:11612:16)
	at &lt;anonymous class&gt;.DelayedCommand.prototype.executeInternal_(file:///C:/Users/YHNATY~1.LV/AppData/Local/Temp/anonymous661063986609629879webdriver-profile/extensions/fxdriver@googlecode.com/components/command-processor.js:11617:7)
	at &lt;anonymous class&gt;.DelayedCommand.prototype.execute/&lt;(file:///C:/Users/YHNATY~1.LV/AppData/Local/Temp/anonymous661063986609629879webdriver-profile/extensions/fxdriver@googlecode.com/components/command-processor.js:11559:5)
... Removed 32 stack frames</pre></div><a href='#' onClick='toggleBox("stack-trace991049910", this, "Click to show all stack frames", "Click to hide stack frames")'>Click to show all stack frames</a>
<div class='stack-trace' id='stack-trace991049910'><pre>org.openqa.selenium.InvalidSelectorException: The given selector //input[contains(@id,&apos;product&apos;)]/@class is either invalid or does not result in a WebElement. The following error occurred:
InvalidSelectorError: The result of the xpath expression &quot;//input[contains(@id,&apos;product&apos;)]/@class&quot; is: [object XrayWrapper [object Attr]]. It should be an element.
Command duration or timeout: 30 milliseconds
For documentation on this error, please visit: http://seleniumhq.org/exceptions/invalid_selector_exception.html
Build info: version: &apos;2.43.1&apos;, revision: &apos;5163bceef1bc36d43f3dc0b83c88998168a363a0&apos;, time: &apos;2014-09-10 09:43:55&apos;
System info: host: &apos;LVP1210002&apos;, ip: &apos;172.22.40.72&apos;, os.name: &apos;Windows 7&apos;, os.arch: &apos;amd64&apos;, os.version: &apos;6.1&apos;, java.version: &apos;1.7.0_51&apos;
Session ID: 478c029f-1eeb-4628-9e28-fc99178303d1
Driver info: org.openqa.selenium.firefox.FirefoxDriver
Capabilities [{platform=WINDOWS, databaseEnabled=true, cssSelectorsEnabled=true, javascriptEnabled=true, acceptSslCerts=true, handlesAlerts=true, browserName=firefox, webStorageEnabled=true, nativeEvents=true, rotatable=false, locationContextEnabled=true, applicationCacheEnabled=true, takesScreenshot=true, version=32.0.3}]
	at sun.reflect.NativeConstructorAccessorImpl.newInstance0(Native Method)
	at sun.reflect.NativeConstructorAccessorImpl.newInstance(Unknown Source)
	at sun.reflect.DelegatingConstructorAccessorImpl.newInstance(Unknown Source)
	at java.lang.reflect.Constructor.newInstance(Unknown Source)
	at org.openqa.selenium.remote.ErrorHandler.createThrowable(ErrorHandler.java:204)
	at org.openqa.selenium.remote.ErrorHandler.throwIfResponseFailed(ErrorHandler.java:156)
	at org.openqa.selenium.remote.RemoteWebDriver.execute(RemoteWebDriver.java:599)
	at org.openqa.selenium.remote.RemoteWebDriver.findElement(RemoteWebDriver.java:352)
	at org.openqa.selenium.remote.RemoteWebDriver.findElementByXPath(RemoteWebDriver.java:449)
	at org.openqa.selenium.By$ByXPath.findElement(By.java:357)
	at org.openqa.selenium.remote.RemoteWebDriver.findElement(RemoteWebDriver.java:344)
	at com.lohika.atf.tests.TestF.validationAddProductFields(TestF.java:150)
	at sun.reflect.NativeMethodAccessorImpl.invoke0(Native Method)
	at sun.reflect.NativeMethodAccessorImpl.invoke(Unknown Source)
	at sun.reflect.DelegatingMethodAccessorImpl.invoke(Unknown Source)
	at java.lang.reflect.Method.invoke(Unknown Source)
	at org.testng.internal.MethodInvocationHelper.invokeMethod(MethodInvocationHelper.java:84)
	at org.testng.internal.Invoker.invokeMethod(Invoker.java:714)
	at org.testng.internal.Invoker.invokeTestMethod(Invoker.java:901)
	at org.testng.internal.Invoker.invokeTestMethods(Invoker.java:1231)
	at org.testng.internal.TestMethodWorker.invokeTestMethods(TestMethodWorker.java:127)
	at org.testng.internal.TestMethodWorker.run(TestMethodWorker.java:111)
	at org.testng.TestRunner.privateRun(TestRunner.java:767)
	at org.testng.TestRunner.run(TestRunner.java:617)
	at org.testng.SuiteRunner.runTest(SuiteRunner.java:348)
	at org.testng.SuiteRunner.runSequentially(SuiteRunner.java:343)
	at org.testng.SuiteRunner.privateRun(SuiteRunner.java:305)
	at org.testng.SuiteRunner.run(SuiteRunner.java:254)
	at org.testng.SuiteRunnerWorker.runSuite(SuiteRunnerWorker.java:52)
	at org.testng.SuiteRunnerWorker.run(SuiteRunnerWorker.java:86)
	at org.testng.TestNG.runSuitesSequentially(TestNG.java:1224)
	at org.testng.TestNG.runSuitesLocally(TestNG.java:1149)
	at org.testng.TestNG.run(TestNG.java:1057)
	at org.apache.maven.surefire.testng.TestNGExecutor.run(TestNGExecutor.java:115)
	at org.apache.maven.surefire.testng.TestNGDirectoryTestSuite.executeSingleClass(TestNGDirectoryTestSuite.java:128)
	at org.apache.maven.surefire.testng.TestNGDirectoryTestSuite.execute(TestNGDirectoryTestSuite.java:112)
	at org.apache.maven.surefire.testng.TestNGProvider.invoke(TestNGProvider.java:112)
	at org.apache.maven.surefire.booter.ForkedBooter.invokeProviderInSameClassLoader(ForkedBooter.java:200)
	at org.apache.maven.surefire.booter.ForkedBooter.runSuitesInProcess(ForkedBooter.java:153)
	at org.apache.maven.surefire.booter.ForkedBooter.main(ForkedBooter.java:103)
Caused by: org.openqa.selenium.InvalidSelectorException: The given selector //input[contains(@id,&apos;product&apos;)]/@class is either invalid or does not result in a WebElement. The following error occurred:
InvalidSelectorError: The result of the xpath expression &quot;//input[contains(@id,&apos;product&apos;)]/@class&quot; is: [object XrayWrapper [object Attr]]. It should be an element.
For documentation on this error, please visit: http://seleniumhq.org/exceptions/invalid_selector_exception.html
Build info: version: &apos;2.43.1&apos;, revision: &apos;5163bceef1bc36d43f3dc0b83c88998168a363a0&apos;, time: &apos;2014-09-10 09:43:55&apos;
System info: host: &apos;LVP1210002&apos;, ip: &apos;172.22.40.72&apos;, os.name: &apos;Windows 7&apos;, os.arch: &apos;amd64&apos;, os.version: &apos;6.1&apos;, java.version: &apos;1.7.0_51&apos;
Driver info: driver.version: unknown
	at &lt;anonymous class&gt;.FirefoxDriver.annotateInvalidSelectorError_(file:///C:/Users/YHNATY~1.LV/AppData/Local/Temp/anonymous661063986609629879webdriver-profile/extensions/fxdriver@googlecode.com/components/driver-component.js:9592:5)
	at &lt;anonymous class&gt;.FirefoxDriver.prototype.findElementInternal_(file:///C:/Users/YHNATY~1.LV/AppData/Local/Temp/anonymous661063986609629879webdriver-profile/extensions/fxdriver@googlecode.com/components/driver-component.js:9623:5)
	at &lt;anonymous class&gt;.FirefoxDriver.prototype.findElement(file:///C:/Users/YHNATY~1.LV/AppData/Local/Temp/anonymous661063986609629879webdriver-profile/extensions/fxdriver@googlecode.com/components/driver-component.js:9627:3)
	at &lt;anonymous class&gt;.DelayedCommand.prototype.executeInternal_/h(file:///C:/Users/YHNATY~1.LV/AppData/Local/Temp/anonymous661063986609629879webdriver-profile/extensions/fxdriver@googlecode.com/components/command-processor.js:11612:16)
	at &lt;anonymous class&gt;.DelayedCommand.prototype.executeInternal_(file:///C:/Users/YHNATY~1.LV/AppData/Local/Temp/anonymous661063986609629879webdriver-profile/extensions/fxdriver@googlecode.com/components/command-processor.js:11617:7)
	at &lt;anonymous class&gt;.DelayedCommand.prototype.execute/&lt;(file:///C:/Users/YHNATY~1.LV/AppData/Local/Temp/anonymous661063986609629879webdriver-profile/extensions/fxdriver@googlecode.com/components/command-processor.js:11559:5)
</pre></div></td>
<td>0</td>
<td>com.lohika.atf.tests.TestF@799aae6a</td></tr>
<tr>
<td title='com.lohika.atf.tests.TestF.validationEditProductFields()'><b>validationEditProductFields</b><br>Test class: com.lohika.atf.tests.TestF<br>Test method: Validation of 'Edit mode' fields </td>
<td><div><pre>org.openqa.selenium.InvalidSelectorException: The given selector //input[contains(@id,&apos;product&apos;)]/@class is either invalid or does not result in a WebElement. The following error occurred:
InvalidSelectorError: The result of the xpath expression &quot;//input[contains(@id,&apos;product&apos;)]/@class&quot; is: [object XrayWrapper [object Attr]]. It should be an element.
Command duration or timeout: 25 milliseconds
For documentation on this error, please visit: http://seleniumhq.org/exceptions/invalid_selector_exception.html
Build info: version: &apos;2.43.1&apos;, revision: &apos;5163bceef1bc36d43f3dc0b83c88998168a363a0&apos;, time: &apos;2014-09-10 09:43:55&apos;
System info: host: &apos;LVP1210002&apos;, ip: &apos;172.22.40.72&apos;, os.name: &apos;Windows 7&apos;, os.arch: &apos;amd64&apos;, os.version: &apos;6.1&apos;, java.version: &apos;1.7.0_51&apos;
Session ID: 478c029f-1eeb-4628-9e28-fc99178303d1
Driver info: org.openqa.selenium.firefox.FirefoxDriver
Capabilities [{platform=WINDOWS, databaseEnabled=true, cssSelectorsEnabled=true, javascriptEnabled=true, acceptSslCerts=true, handlesAlerts=true, browserName=firefox, webStorageEnabled=true, nativeEvents=true, rotatable=false, locationContextEnabled=true, applicationCacheEnabled=true, takesScreenshot=true, version=32.0.3}]
	at org.openqa.selenium.remote.ErrorHandler.createThrowable(ErrorHandler.java:204)
	at org.openqa.selenium.remote.ErrorHandler.throwIfResponseFailed(ErrorHandler.java:156)
	at org.openqa.selenium.remote.RemoteWebDriver.execute(RemoteWebDriver.java:599)
	at org.openqa.selenium.remote.RemoteWebDriver.findElement(RemoteWebDriver.java:352)
	at org.openqa.selenium.remote.RemoteWebDriver.findElementByXPath(RemoteWebDriver.java:449)
	at org.openqa.selenium.By$ByXPath.findElement(By.java:357)
	at org.openqa.selenium.remote.RemoteWebDriver.findElement(RemoteWebDriver.java:344)
	at com.lohika.atf.tests.TestF.validationEditProductFields(TestF.java:162)
Caused by: org.openqa.selenium.InvalidSelectorException: The given selector //input[contains(@id,&apos;product&apos;)]/@class is either invalid or does not result in a WebElement. The following error occurred:
InvalidSelectorError: The result of the xpath expression &quot;//input[contains(@id,&apos;product&apos;)]/@class&quot; is: [object XrayWrapper [object Attr]]. It should be an element.
For documentation on this error, please visit: http://seleniumhq.org/exceptions/invalid_selector_exception.html
Build info: version: &apos;2.43.1&apos;, revision: &apos;5163bceef1bc36d43f3dc0b83c88998168a363a0&apos;, time: &apos;2014-09-10 09:43:55&apos;
System info: host: &apos;LVP1210002&apos;, ip: &apos;172.22.40.72&apos;, os.name: &apos;Windows 7&apos;, os.arch: &apos;amd64&apos;, os.version: &apos;6.1&apos;, java.version: &apos;1.7.0_51&apos;
Driver info: driver.version: unknown
	at &lt;anonymous class&gt;.FirefoxDriver.annotateInvalidSelectorError_(file:///C:/Users/YHNATY~1.LV/AppData/Local/Temp/anonymous661063986609629879webdriver-profile/extensions/fxdriver@googlecode.com/components/driver-component.js:9592:5)
	at &lt;anonymous class&gt;.FirefoxDriver.prototype.findElementInternal_(file:///C:/Users/YHNATY~1.LV/AppData/Local/Temp/anonymous661063986609629879webdriver-profile/extensions/fxdriver@googlecode.com/components/driver-component.js:9623:5)
	at &lt;anonymous class&gt;.FirefoxDriver.prototype.findElement(file:///C:/Users/YHNATY~1.LV/AppData/Local/Temp/anonymous661063986609629879webdriver-profile/extensions/fxdriver@googlecode.com/components/driver-component.js:9627:3)
	at &lt;anonymous class&gt;.DelayedCommand.prototype.executeInternal_/h(file:///C:/Users/YHNATY~1.LV/AppData/Local/Temp/anonymous661063986609629879webdriver-profile/extensions/fxdriver@googlecode.com/components/command-processor.js:11612:16)
	at &lt;anonymous class&gt;.DelayedCommand.prototype.executeInternal_(file:///C:/Users/YHNATY~1.LV/AppData/Local/Temp/anonymous661063986609629879webdriver-profile/extensions/fxdriver@googlecode.com/components/command-processor.js:11617:7)
	at &lt;anonymous class&gt;.DelayedCommand.prototype.execute/&lt;(file:///C:/Users/YHNATY~1.LV/AppData/Local/Temp/anonymous661063986609629879webdriver-profile/extensions/fxdriver@googlecode.com/components/command-processor.js:11559:5)
... Removed 32 stack frames</pre></div><a href='#' onClick='toggleBox("stack-trace1664998792", this, "Click to show all stack frames", "Click to hide stack frames")'>Click to show all stack frames</a>
<div class='stack-trace' id='stack-trace1664998792'><pre>org.openqa.selenium.InvalidSelectorException: The given selector //input[contains(@id,&apos;product&apos;)]/@class is either invalid or does not result in a WebElement. The following error occurred:
InvalidSelectorError: The result of the xpath expression &quot;//input[contains(@id,&apos;product&apos;)]/@class&quot; is: [object XrayWrapper [object Attr]]. It should be an element.
Command duration or timeout: 25 milliseconds
For documentation on this error, please visit: http://seleniumhq.org/exceptions/invalid_selector_exception.html
Build info: version: &apos;2.43.1&apos;, revision: &apos;5163bceef1bc36d43f3dc0b83c88998168a363a0&apos;, time: &apos;2014-09-10 09:43:55&apos;
System info: host: &apos;LVP1210002&apos;, ip: &apos;172.22.40.72&apos;, os.name: &apos;Windows 7&apos;, os.arch: &apos;amd64&apos;, os.version: &apos;6.1&apos;, java.version: &apos;1.7.0_51&apos;
Session ID: 478c029f-1eeb-4628-9e28-fc99178303d1
Driver info: org.openqa.selenium.firefox.FirefoxDriver
Capabilities [{platform=WINDOWS, databaseEnabled=true, cssSelectorsEnabled=true, javascriptEnabled=true, acceptSslCerts=true, handlesAlerts=true, browserName=firefox, webStorageEnabled=true, nativeEvents=true, rotatable=false, locationContextEnabled=true, applicationCacheEnabled=true, takesScreenshot=true, version=32.0.3}]
	at sun.reflect.NativeConstructorAccessorImpl.newInstance0(Native Method)
	at sun.reflect.NativeConstructorAccessorImpl.newInstance(Unknown Source)
	at sun.reflect.DelegatingConstructorAccessorImpl.newInstance(Unknown Source)
	at java.lang.reflect.Constructor.newInstance(Unknown Source)
	at org.openqa.selenium.remote.ErrorHandler.createThrowable(ErrorHandler.java:204)
	at org.openqa.selenium.remote.ErrorHandler.throwIfResponseFailed(ErrorHandler.java:156)
	at org.openqa.selenium.remote.RemoteWebDriver.execute(RemoteWebDriver.java:599)
	at org.openqa.selenium.remote.RemoteWebDriver.findElement(RemoteWebDriver.java:352)
	at org.openqa.selenium.remote.RemoteWebDriver.findElementByXPath(RemoteWebDriver.java:449)
	at org.openqa.selenium.By$ByXPath.findElement(By.java:357)
	at org.openqa.selenium.remote.RemoteWebDriver.findElement(RemoteWebDriver.java:344)
	at com.lohika.atf.tests.TestF.validationEditProductFields(TestF.java:162)
	at sun.reflect.NativeMethodAccessorImpl.invoke0(Native Method)
	at sun.reflect.NativeMethodAccessorImpl.invoke(Unknown Source)
	at sun.reflect.DelegatingMethodAccessorImpl.invoke(Unknown Source)
	at java.lang.reflect.Method.invoke(Unknown Source)
	at org.testng.internal.MethodInvocationHelper.invokeMethod(MethodInvocationHelper.java:84)
	at org.testng.internal.Invoker.invokeMethod(Invoker.java:714)
	at org.testng.internal.Invoker.invokeTestMethod(Invoker.java:901)
	at org.testng.internal.Invoker.invokeTestMethods(Invoker.java:1231)
	at org.testng.internal.TestMethodWorker.invokeTestMethods(TestMethodWorker.java:127)
	at org.testng.internal.TestMethodWorker.run(TestMethodWorker.java:111)
	at org.testng.TestRunner.privateRun(TestRunner.java:767)
	at org.testng.TestRunner.run(TestRunner.java:617)
	at org.testng.SuiteRunner.runTest(SuiteRunner.java:348)
	at org.testng.SuiteRunner.runSequentially(SuiteRunner.java:343)
	at org.testng.SuiteRunner.privateRun(SuiteRunner.java:305)
	at org.testng.SuiteRunner.run(SuiteRunner.java:254)
	at org.testng.SuiteRunnerWorker.runSuite(SuiteRunnerWorker.java:52)
	at org.testng.SuiteRunnerWorker.run(SuiteRunnerWorker.java:86)
	at org.testng.TestNG.runSuitesSequentially(TestNG.java:1224)
	at org.testng.TestNG.runSuitesLocally(TestNG.java:1149)
	at org.testng.TestNG.run(TestNG.java:1057)
	at org.apache.maven.surefire.testng.TestNGExecutor.run(TestNGExecutor.java:115)
	at org.apache.maven.surefire.testng.TestNGDirectoryTestSuite.executeSingleClass(TestNGDirectoryTestSuite.java:128)
	at org.apache.maven.surefire.testng.TestNGDirectoryTestSuite.execute(TestNGDirectoryTestSuite.java:112)
	at org.apache.maven.surefire.testng.TestNGProvider.invoke(TestNGProvider.java:112)
	at org.apache.maven.surefire.booter.ForkedBooter.invokeProviderInSameClassLoader(ForkedBooter.java:200)
	at org.apache.maven.surefire.booter.ForkedBooter.runSuitesInProcess(ForkedBooter.java:153)
	at org.apache.maven.surefire.booter.ForkedBooter.main(ForkedBooter.java:103)
Caused by: org.openqa.selenium.InvalidSelectorException: The given selector //input[contains(@id,&apos;product&apos;)]/@class is either invalid or does not result in a WebElement. The following error occurred:
InvalidSelectorError: The result of the xpath expression &quot;//input[contains(@id,&apos;product&apos;)]/@class&quot; is: [object XrayWrapper [object Attr]]. It should be an element.
For documentation on this error, please visit: http://seleniumhq.org/exceptions/invalid_selector_exception.html
Build info: version: &apos;2.43.1&apos;, revision: &apos;5163bceef1bc36d43f3dc0b83c88998168a363a0&apos;, time: &apos;2014-09-10 09:43:55&apos;
System info: host: &apos;LVP1210002&apos;, ip: &apos;172.22.40.72&apos;, os.name: &apos;Windows 7&apos;, os.arch: &apos;amd64&apos;, os.version: &apos;6.1&apos;, java.version: &apos;1.7.0_51&apos;
Driver info: driver.version: unknown
	at &lt;anonymous class&gt;.FirefoxDriver.annotateInvalidSelectorError_(file:///C:/Users/YHNATY~1.LV/AppData/Local/Temp/anonymous661063986609629879webdriver-profile/extensions/fxdriver@googlecode.com/components/driver-component.js:9592:5)
	at &lt;anonymous class&gt;.FirefoxDriver.prototype.findElementInternal_(file:///C:/Users/YHNATY~1.LV/AppData/Local/Temp/anonymous661063986609629879webdriver-profile/extensions/fxdriver@googlecode.com/components/driver-component.js:9623:5)
	at &lt;anonymous class&gt;.FirefoxDriver.prototype.findElement(file:///C:/Users/YHNATY~1.LV/AppData/Local/Temp/anonymous661063986609629879webdriver-profile/extensions/fxdriver@googlecode.com/components/driver-component.js:9627:3)
	at &lt;anonymous class&gt;.DelayedCommand.prototype.executeInternal_/h(file:///C:/Users/YHNATY~1.LV/AppData/Local/Temp/anonymous661063986609629879webdriver-profile/extensions/fxdriver@googlecode.com/components/command-processor.js:11612:16)
	at &lt;anonymous class&gt;.DelayedCommand.prototype.executeInternal_(file:///C:/Users/YHNATY~1.LV/AppData/Local/Temp/anonymous661063986609629879webdriver-profile/extensions/fxdriver@googlecode.com/components/command-processor.js:11617:7)
	at &lt;anonymous class&gt;.DelayedCommand.prototype.execute/&lt;(file:///C:/Users/YHNATY~1.LV/AppData/Local/Temp/anonymous661063986609629879webdriver-profile/extensions/fxdriver@googlecode.com/components/command-processor.js:11559:5)
</pre></div></td>
<td>1</td>
<td>com.lohika.atf.tests.TestF@799aae6a</td></tr>
</table><p>
<table width='100%' border='1' class='invocation-passed'>
<tr><td colspan='4' align='center'><b>PASSED TESTS</b></td></tr>
<tr><td><b>Test method</b></td>
<td width="30%"><b>Exception</b></td>
<td width="10%"><b>Time (seconds)</b></td>
<td><b>Instance</b></td>
</tr>
<tr>
<td title='com.lohika.atf.tests.TestF.addProducts()'><b>addProducts</b><br>Test class: com.lohika.atf.tests.TestF<br>Test method: Add Product</td>
<td></td>
<td>5</td>
<td>com.lohika.atf.tests.TestF@799aae6a</td></tr>
<tr>
<td title='com.lohika.atf.tests.TestF.calcPrice()'><b>calcPrice</b><br>Test class: com.lohika.atf.tests.TestF<br>Test method: Check Calculations of tota price</td>
<td></td>
<td>0</td>
<td>com.lohika.atf.tests.TestF@799aae6a</td></tr>
<tr>
<td title='com.lohika.atf.tests.TestF.deleteProducts()'><b>deleteProducts</b><br>Test class: com.lohika.atf.tests.TestF<br>Test method: Delete product by name</td>
<td></td>
<td>0</td>
<td>com.lohika.atf.tests.TestF@799aae6a</td></tr>
<tr>
<td title='com.lohika.atf.tests.TestF.editProductSingleRow()'><b>editProductSingleRow</b><br>Test class: com.lohika.atf.tests.TestF<br>Test method: Correct 'Edit mode' of a single Product row</td>
<td></td>
<td>0</td>
<td>com.lohika.atf.tests.TestF@799aae6a</td></tr>
</table><p>
</body>
</html>