<html>
<head>
<title>TestNG:  Default test</title>
<link href="../testng.css" rel="stylesheet" type="text/css" />
<link href="../my-testng.css" rel="stylesheet" type="text/css" />

<style type="text/css">
.log { display: none;} 
.stack-trace { display: none;} 
</style>
<script type="text/javascript">
<!--
function flip(e) {
  current = e.style.display;
  if (current == 'block') {
    e.style.display = 'none';
    return 0;
  }
  else {
    e.style.display = 'block';
    return 1;
  }
}

function toggleBox(szDivId, elem, msg1, msg2)
{
  var res = -1;  if (document.getElementById) {
    res = flip(document.getElementById(szDivId));
  }
  else if (document.all) {
    // this is the way old msie versions work
    res = flip(document.all[szDivId]);
  }
  if(elem) {
    if(res == 0) elem.innerHTML = msg1; else elem.innerHTML = msg2;
  }

}

function toggleAllBoxes() {
  if (document.getElementsByTagName) {
    d = document.getElementsByTagName('div');
    for (i = 0; i < d.length; i++) {
      if (d[i].className == 'log') {
        flip(d[i]);
      }
    }
  }
}

// -->
</script>

</head>
<body>
<h2 align='center'>Default test</h2><table border='1' align="center">
<tr>
<td>Tests passed/Failed/Skipped:</td><td>9/1/0</td>
</tr><tr>
<td>Started on:</td><td>Wed Oct 15 15:50:50 EEST 2014</td>
</tr>
<tr><td>Total time:</td><td>33 seconds (33612 ms)</td>
</tr><tr>
<td>Included groups:</td><td></td>
</tr><tr>
<td>Excluded groups:</td><td></td>
</tr>
</table><p/>
<small><i>(Hover the method name to see the test class name)</i></small><p/>
<table width='100%' border='1' class='invocation-failed'>
<tr><td colspan='4' align='center'><b>FAILED TESTS</b></td></tr>
<tr><td><b>Test method</b></td>
<td width="30%"><b>Exception</b></td>
<td width="10%"><b>Time (seconds)</b></td>
<td><b>Instance</b></td>
</tr>
<tr>
<td title='com.lohika.atf.tests.TestF.calcPrice()'><b>calcPrice</b><br>Test class: com.lohika.atf.tests.TestF<br>Test method: Check Calculations of tota price</td>
<td><div><pre>java.lang.AssertionError: expected [43.849999999999994] but found [-3.849999999999998]
	at org.testng.Assert.fail(Assert.java:94)
	at org.testng.Assert.failNotEquals(Assert.java:494)
	at org.testng.Assert.assertEquals(Assert.java:123)
	at org.testng.Assert.assertEquals(Assert.java:165)
	at com.lohika.atf.tests.TestF.calcPrice(TestF.java:123)
	at sun.reflect.NativeMethodAccessorImpl.invoke0(Native Method)
	at sun.reflect.NativeMethodAccessorImpl.invoke(Unknown Source)
	at sun.reflect.DelegatingMethodAccessorImpl.invoke(Unknown Source)
	at java.lang.reflect.Method.invoke(Unknown Source)
	at org.testng.internal.MethodInvocationHelper.invokeMethod(MethodInvocationHelper.java:84)
	at org.testng.internal.Invoker.invokeMethod(Invoker.java:714)
	at org.testng.internal.Invoker.invokeTestMethod(Invoker.java:901)
	at org.testng.internal.Invoker.invokeTestMethods(Invoker.java:1231)
	at org.testng.internal.TestMethodWorker.invokeTestMethods(TestMethodWorker.java:127)
	at org.testng.internal.TestMethodWorker.run(TestMethodWorker.java:111)
	at org.testng.TestRunner.privateRun(TestRunner.java:767)
	at org.testng.TestRunner.run(TestRunner.java:617)
	at org.testng.SuiteRunner.runTest(SuiteRunner.java:334)
	at org.testng.SuiteRunner.runSequentially(SuiteRunner.java:329)
	at org.testng.SuiteRunner.privateRun(SuiteRunner.java:291)
	at org.testng.SuiteRunner.run(SuiteRunner.java:240)
	at org.testng.SuiteRunnerWorker.runSuite(SuiteRunnerWorker.java:52)
	at org.testng.SuiteRunnerWorker.run(SuiteRunnerWorker.java:86)
	at org.testng.TestNG.runSuitesSequentially(TestNG.java:1224)
	at org.testng.TestNG.runSuitesLocally(TestNG.java:1149)
	at org.testng.TestNG.run(TestNG.java:1057)
	at org.testng.remote.RemoteTestNG.run(RemoteTestNG.java:111)
	at org.testng.remote.RemoteTestNG.initAndRun(RemoteTestNG.java:204)
	at org.testng.remote.RemoteTestNG.main(RemoteTestNG.java:175)
</pre></div><a href='#' onClick='toggleBox("stack-trace788829936", this, "Click to show all stack frames", "Click to hide stack frames")'>Click to show all stack frames</a>
<div class='stack-trace' id='stack-trace788829936'><pre>java.lang.AssertionError: expected [43.849999999999994] but found [-3.849999999999998]
	at org.testng.Assert.fail(Assert.java:94)
	at org.testng.Assert.failNotEquals(Assert.java:494)
	at org.testng.Assert.assertEquals(Assert.java:123)
	at org.testng.Assert.assertEquals(Assert.java:165)
	at com.lohika.atf.tests.TestF.calcPrice(TestF.java:123)
	at sun.reflect.NativeMethodAccessorImpl.invoke0(Native Method)
	at sun.reflect.NativeMethodAccessorImpl.invoke(Unknown Source)
	at sun.reflect.DelegatingMethodAccessorImpl.invoke(Unknown Source)
	at java.lang.reflect.Method.invoke(Unknown Source)
	at org.testng.internal.MethodInvocationHelper.invokeMethod(MethodInvocationHelper.java:84)
	at org.testng.internal.Invoker.invokeMethod(Invoker.java:714)
	at org.testng.internal.Invoker.invokeTestMethod(Invoker.java:901)
	at org.testng.internal.Invoker.invokeTestMethods(Invoker.java:1231)
	at org.testng.internal.TestMethodWorker.invokeTestMethods(TestMethodWorker.java:127)
	at org.testng.internal.TestMethodWorker.run(TestMethodWorker.java:111)
	at org.testng.TestRunner.privateRun(TestRunner.java:767)
	at org.testng.TestRunner.run(TestRunner.java:617)
	at org.testng.SuiteRunner.runTest(SuiteRunner.java:334)
	at org.testng.SuiteRunner.runSequentially(SuiteRunner.java:329)
	at org.testng.SuiteRunner.privateRun(SuiteRunner.java:291)
	at org.testng.SuiteRunner.run(SuiteRunner.java:240)
	at org.testng.SuiteRunnerWorker.runSuite(SuiteRunnerWorker.java:52)
	at org.testng.SuiteRunnerWorker.run(SuiteRunnerWorker.java:86)
	at org.testng.TestNG.runSuitesSequentially(TestNG.java:1224)
	at org.testng.TestNG.runSuitesLocally(TestNG.java:1149)
	at org.testng.TestNG.run(TestNG.java:1057)
	at org.testng.remote.RemoteTestNG.run(RemoteTestNG.java:111)
	at org.testng.remote.RemoteTestNG.initAndRun(RemoteTestNG.java:204)
	at org.testng.remote.RemoteTestNG.main(RemoteTestNG.java:175)
</pre></div></td>
<td>0</td>
<td>com.lohika.atf.tests.TestF@52621f0c</td></tr>
</table><p>
<table width='100%' border='1' class='invocation-passed'>
<tr><td colspan='4' align='center'><b>PASSED TESTS</b></td></tr>
<tr><td><b>Test method</b></td>
<td width="30%"><b>Exception</b></td>
<td width="10%"><b>Time (seconds)</b></td>
<td><b>Instance</b></td>
</tr>
<tr>
<td title='com.lohika.atf.tests.TestF.CSVaddProducts()'><b>CSVaddProducts</b><br>Test class: com.lohika.atf.tests.TestF<br>Test method: Add Product via csv<br>Parameters: {product=test1, price=23, quantity=1}</td>
<td></td>
<td>3</td>
<td>com.lohika.atf.tests.TestF@52621f0c</td></tr>
<tr>
<td title='com.lohika.atf.tests.TestF.CSVaddProducts()'><b>CSVaddProducts</b><br>Test class: com.lohika.atf.tests.TestF<br>Test method: Add Product via csv<br>Parameters: {product=test2, price=23.34, quantity=1.2}</td>
<td></td>
<td>3</td>
<td>com.lohika.atf.tests.TestF@52621f0c</td></tr>
<tr>
<td title='com.lohika.atf.tests.TestF.addProducts()'><b>addProducts</b><br>Test class: com.lohika.atf.tests.TestF<br>Test method: Add Product</td>
<td></td>
<td>4</td>
<td>com.lohika.atf.tests.TestF@52621f0c</td></tr>
<tr>
<td title='com.lohika.atf.tests.TestF.deleteProducts()'><b>deleteProducts</b><br>Test class: com.lohika.atf.tests.TestF<br>Test method: Delete product by name</td>
<td></td>
<td>0</td>
<td>com.lohika.atf.tests.TestF@52621f0c</td></tr>
<tr>
<td title='com.lohika.atf.tests.TestF.editCancelProduct()'><b>editCancelProduct</b><br>Test class: com.lohika.atf.tests.TestF<br>Test method: Successful 'Cancel Edit Changes of the product in the Invoice Table'</td>
<td></td>
<td>1</td>
<td>com.lohika.atf.tests.TestF@52621f0c</td></tr>
<tr>
<td title='com.lohika.atf.tests.TestF.editProductInvoice()'><b>editProductInvoice</b><br>Test class: com.lohika.atf.tests.TestF<br>Test method: Successful 'Edit of the product in the Invoice Table'</td>
<td></td>
<td>0</td>
<td>com.lohika.atf.tests.TestF@52621f0c</td></tr>
<tr>
<td title='com.lohika.atf.tests.TestF.editProductSingleRow()'><b>editProductSingleRow</b><br>Test class: com.lohika.atf.tests.TestF<br>Test method: Correct 'Edit mode' of a single Product row</td>
<td></td>
<td>0</td>
<td>com.lohika.atf.tests.TestF@52621f0c</td></tr>
<tr>
<td title='com.lohika.atf.tests.TestF.validationAddProductFields()'><b>validationAddProductFields</b><br>Test class: com.lohika.atf.tests.TestF<br>Test method: Validation of Add Product Panel fields</td>
<td></td>
<td>11</td>
<td>com.lohika.atf.tests.TestF@52621f0c</td></tr>
<tr>
<td title='com.lohika.atf.tests.TestF.validationEditProductFields()'><b>validationEditProductFields</b><br>Test class: com.lohika.atf.tests.TestF<br>Test method: Validation of 'Edit mode' fields </td>
<td></td>
<td>6</td>
<td>com.lohika.atf.tests.TestF@52621f0c</td></tr>
</table><p>
</body>
</html>